{"ts":1686683446526,"action":"FILE_OPENED","file":"/build.gradle","tags":{"FILE_LINE_OF_CODE":"19"}}
{"ts":1686683445926,"action":"PROJECT_OPENED","tags":{"PROJECT_NAME":"DependencyTest"}}
{"ts":1686683457437,"action":"IDE_DEACTIVATED"}
{"ts":1686683502880,"action":"IDE_ACTIVATED"}
{"ts":1686683566401,"action":"FILE_CLOSED","file":"/build.gradle","tags":{"FILE_LINE_OF_CODE":"23"}}
{"ts":1686683566401,"action":"FILE_OPENED","file":"/src/main/java/me/alex/depencyloader.java","tags":{"FILE_LINE_OF_CODE":"3"}}
{"ts":1686683627344,"action":"FILE_CLOSED","file":"/src/main/java/me/alex/DependencyManager.java","tags":{"FILE_LINE_OF_CODE":"5"}}
{"ts":1686683627344,"action":"FILE_OPENED","file":"/src/main/java/me/alex/Dependency.java","tags":{"FILE_LINE_OF_CODE":"3"}}
{"ts":1686683742955,"action":"FILE_CLOSED","file":"/src/main/java/me/alex/Dependency.java","tags":{"FILE_LINE_OF_CODE":"10"}}
{"ts":1686683742955,"action":"FILE_OPENED","file":"/src/test/java/Test.java","tags":{"FILE_LINE_OF_CODE":"3"}}
{"ts":1686683746380,"action":"FILE_CLOSED","file":"/src/test/java/Test.java","tags":{"FILE_LINE_OF_CODE":"3"}}
{"ts":1686683746380,"action":"FILE_OPENED","file":"/src/main/java/me/alex/DependencyManager.java","tags":{"FILE_LINE_OF_CODE":"5"}}
{"ts":1686683776630,"action":"IDE_DEACTIVATED"}
{"ts":1686683778379,"action":"IDE_ACTIVATED"}
{"ts":1686684176623,"action":"FILE_CLOSED","file":"/src/main/java/me/alex/DependencyManager.java","tags":{"FILE_LINE_OF_CODE":"28"}}
{"ts":1686684176623,"action":"FILE_OPENED","file":"/src/main/java/me/alex/Dependency.java","tags":{"FILE_LINE_OF_CODE":"14"}}
{"ts":1686684228596,"action":"FILE_CLOSED","file":"/src/main/java/me/alex/InjectDependency.java","tags":{"FILE_LINE_OF_CODE":"13"}}
{"ts":1686684228596,"action":"FILE_OPENED","file":"/src/main/java/me/alex/DependencyConstructor.java","tags":{"FILE_LINE_OF_CODE":"3"}}
{"ts":1686684245085,"action":"FILE_CLOSED","file":"/src/main/java/me/alex/DependencyConstructor.java","tags":{"FILE_LINE_OF_CODE":"5"}}
{"ts":1686684245085,"action":"FILE_OPENED","file":"/src/main/java/me/alex/DependencyManager.java","tags":{"FILE_LINE_OF_CODE":"28"}}
{"ts":1686684415979,"action":"FILE_CLOSED","file":"/src/main/java/me/alex/DependencyManager.java","tags":{"FILE_LINE_OF_CODE":"50"}}
{"ts":1686684430208,"action":"FILE_OPENED","file":"/src/main/java/me/alex/DependencyManager.java","tags":{"FILE_LINE_OF_CODE":"50"}}
{"ts":1686684606506,"action":"FILE_CLOSED","file":"/src/main/java/me/alex/DependencyManager.java","tags":{"FILE_LINE_OF_CODE":"66"}}
{"ts":1686684606506,"action":"FILE_OPENED","file":"/src/test/java/Test.java","tags":{"FILE_LINE_OF_CODE":"3"}}
{"ts":1686684616342,"action":"FILE_CLOSED","file":"/src/test/java/Test.java","tags":{"FILE_LINE_OF_CODE":"3"}}
{"ts":1686684616342,"action":"FILE_OPENED","file":"/src/main/java/me/alex/test/Hello.java","tags":{"FILE_LINE_OF_CODE":"3"}}
{"ts":1686684654490,"action":"FILE_CLOSED","file":"/src/main/java/me/alex/test/Hello.java","tags":{"FILE_LINE_OF_CODE":"14"}}
{"ts":1686684654490,"action":"FILE_OPENED","file":"/src/main/java/me/alex/DependencyManager.java","tags":{"FILE_LINE_OF_CODE":"66"}}
{"ts":1686684708714,"action":"FILE_CLOSED","file":"/src/main/java/me/alex/DependencyManager.java","tags":{"FILE_LINE_OF_CODE":"66"}}
{"ts":1686684708714,"action":"FILE_OPENED","file":"/build.gradle","tags":{"FILE_LINE_OF_CODE":"23"}}
{"ts":1686684714015,"action":"FILE_CLOSED","file":"/build.gradle","tags":{"FILE_LINE_OF_CODE":"23"}}
{"ts":1686684714015,"action":"FILE_OPENED","file":"/src/main/java/me/alex/DependencyManager.java","tags":{"FILE_LINE_OF_CODE":"66"}}
{"ts":1686684721842,"action":"FILE_CLOSED","file":"/src/main/java/me/alex/DependencyManager.java","tags":{"FILE_LINE_OF_CODE":"66"}}
{"ts":1686684721842,"action":"FILE_OPENED","file":"/build.gradle","tags":{"FILE_LINE_OF_CODE":"23"}}
{"ts":1686684737747,"action":"FILE_CLOSED","file":"/build.gradle","tags":{"FILE_LINE_OF_CODE":"23"}}
{"ts":1686684737747,"action":"FILE_OPENED","file":"/src/main/java/me/alex/test/Hello.java","tags":{"FILE_LINE_OF_CODE":"14"}}
{"ts":1686684774364,"action":"FILE_CLOSED","file":"/src/main/java/me/alex/test/Hello.java","tags":{"FILE_LINE_OF_CODE":"14"}}
{"ts":1686684774364,"action":"FILE_OPENED","file":"/src/main/java/me/alex/test/WasGeht.java","tags":{"FILE_LINE_OF_CODE":"3"}}
{"ts":1686684820436,"action":"FILE_CLOSED","file":"/src/main/java/me/alex/test/WasGeht.java","tags":{"FILE_LINE_OF_CODE":"18"}}
{"ts":1686684820436,"action":"FILE_OPENED","file":"/src/main/java/me/alex/test/Hello.java","tags":{"FILE_LINE_OF_CODE":"14"}}
{"ts":1686684865756,"action":"FILE_CLOSED","file":"/src/main/java/me/alex/test/Hello.java","tags":{"FILE_LINE_OF_CODE":"15"}}
{"ts":1686684865756,"action":"FILE_OPENED","file":"/src/main/java/me/alex/test/WasGeht.java","tags":{"FILE_LINE_OF_CODE":"18"}}
{"ts":1686684873914,"action":"FILE_CLOSED","file":"/src/main/java/me/alex/test/WasGeht.java","tags":{"FILE_LINE_OF_CODE":"18"}}
{"ts":1686684873914,"action":"FILE_OPENED","file":"/src/main/java/me/alex/DependencyManager.java","tags":{"FILE_LINE_OF_CODE":"66"}}
{"ts":1686685107230,"action":"IDE_DEACTIVATED"}
{"ts":1686685135526,"action":"IDE_ACTIVATED"}
{"ts":1686685321301,"action":"IDE_DEACTIVATED"}
{"ts":1686685327998,"action":"IDE_ACTIVATED"}
{"ts":1686685502244,"action":"IDE_DEACTIVATED"}
{"ts":1686685516827,"action":"IDE_ACTIVATED"}
{"ts":1686685567483,"action":"IDE_DEACTIVATED"}
{"ts":1686685613653,"action":"IDE_ACTIVATED"}
{"ts":1686685660191,"action":"IDE_DEACTIVATED"}
{"ts":1686685684597,"action":"IDE_ACTIVATED"}
{"ts":1686685738163,"action":"FILE_CLOSED","file":"/src/main/java/me/alex/DependencyManager.java","tags":{"FILE_LINE_OF_CODE":"80"}}
{"ts":1686685751346,"action":"FILE_OPENED","file":"/src/main/java/me/alex/DependencyManager.java","tags":{"FILE_LINE_OF_CODE":"80"}}
{"ts":1686685752666,"action":"IDE_DEACTIVATED"}
{"ts":1686685763771,"action":"IDE_ACTIVATED"}
{"ts":1686685791128,"action":"IDE_DEACTIVATED"}
{"ts":1686685812277,"action":"IDE_ACTIVATED"}
{"ts":1686685879212,"action":"IDE_DEACTIVATED"}
{"ts":1686686043919,"action":"IDE_ACTIVATED"}
{"ts":1686686076776,"action":"FILE_CLOSED","file":"/src/main/java/me/alex/DependencyManager.java","tags":{"FILE_LINE_OF_CODE":"72"}}
{"ts":1686686076776,"action":"FILE_OPENED","file":"/src/main/java/me/alex/Dependency.java","tags":{"FILE_LINE_OF_CODE":"3"}}
{"ts":1686686106109,"action":"FILE_CLOSED","file":"/src/main/java/me/alex/Dependency.java","tags":{"FILE_LINE_OF_CODE":"7"}}
{"ts":1686686106109,"action":"FILE_OPENED","file":"/src/main/java/me/alex/DependencyManager.java","tags":{"FILE_LINE_OF_CODE":"72"}}
{"ts":1686686831413,"action":"FILE_CLOSED","file":"/src/main/java/me/alex/DependencyManager.java","tags":{"FILE_LINE_OF_CODE":"72"}}
{"ts":1686686831413,"action":"FILE_OPENED","file":"/src/main/java/me/alex/test/Hello.java","tags":{"FILE_LINE_OF_CODE":"15"}}
{"ts":1686686834389,"action":"FILE_CLOSED","file":"/src/main/java/me/alex/test/Hello.java","tags":{"FILE_LINE_OF_CODE":"15"}}
{"ts":1686686834389,"action":"FILE_OPENED","file":"/src/main/java/me/alex/test/WasGeht.java","tags":{"FILE_LINE_OF_CODE":"18"}}
{"ts":1686686865033,"action":"FILE_CLOSED","file":"/src/main/java/me/alex/test/WasGeht.java","tags":{"FILE_LINE_OF_CODE":"18"}}
{"ts":1686686865033,"action":"FILE_OPENED","file":"/src/main/java/me/alex/DependencyManager.java","tags":{"FILE_LINE_OF_CODE":"72"}}
{"ts":1686686880702,"action":"FILE_CLOSED","file":"/src/main/java/me/alex/DependencyManager.java","tags":{"FILE_LINE_OF_CODE":"72"}}
{"ts":1686686880702,"action":"FILE_OPENED","file":"/src/main/java/me/alex/DependencyConstructor.java","tags":{"FILE_LINE_OF_CODE":"9"}}
{"ts":1686686881763,"action":"FILE_CLOSED","file":"/src/main/java/me/alex/DependencyConstructor.java","tags":{"FILE_LINE_OF_CODE":"9"}}
{"ts":1686686881763,"action":"FILE_OPENED","file":"/src/main/java/me/alex/Dependency.java","tags":{"FILE_LINE_OF_CODE":"7"}}
{"ts":1686686946748,"action":"FILE_OPENED","file":"/src/main/java/me/alex/Dependency.java","tags":{"FILE_LINE_OF_CODE":"3"}}
{"ts":1686687004078,"action":"FILE_CLOSED","file":"/src/main/java/me/alex/Dependency.java","tags":{"FILE_LINE_OF_CODE":"22"}}
{"ts":1686687004078,"action":"FILE_OPENED","file":"/src/main/java/me/alex/DependencyManager.java","tags":{"FILE_LINE_OF_CODE":"72"}}
{"ts":1686687039492,"action":"FILE_CLOSED","file":"/src/main/java/me/alex/DependencyManager.java","tags":{"FILE_LINE_OF_CODE":"72"}}
{"ts":1686687039492,"action":"FILE_OPENED","file":"/src/main/java/me/alex/test/Nah.java","tags":{"FILE_LINE_OF_CODE":"3"}}
{"ts":1686687044710,"action":"FILE_CLOSED","file":"/src/main/java/me/alex/test/Nah.java","tags":{"FILE_LINE_OF_CODE":"5"}}
{"ts":1686687044710,"action":"FILE_OPENED","file":"/src/main/java/me/alex/test/Hello.java","tags":{"FILE_LINE_OF_CODE":"15"}}
{"ts":1686687055248,"action":"FILE_CLOSED","file":"/src/main/java/me/alex/test/Hello.java","tags":{"FILE_LINE_OF_CODE":"15"}}
{"ts":1686687055248,"action":"FILE_OPENED","file":"/src/main/java/me/alex/test/WasGeht.java","tags":{"FILE_LINE_OF_CODE":"18"}}
{"ts":1686687064779,"action":"FILE_CLOSED","file":"/src/main/java/me/alex/test/WasGeht.java","tags":{"FILE_LINE_OF_CODE":"18"}}
{"ts":1686687064779,"action":"FILE_OPENED","file":"/src/main/java/me/alex/test/Nah.java","tags":{"FILE_LINE_OF_CODE":"5"}}
{"ts":1686687073583,"action":"FILE_CLOSED","file":"/src/main/java/me/alex/test/Nah.java","tags":{"FILE_LINE_OF_CODE":"5"}}
{"ts":1686687073583,"action":"FILE_OPENED","file":"/src/main/java/me/alex/Dependency.java","tags":{"FILE_LINE_OF_CODE":"22"}}
{"ts":1686687074230,"action":"FILE_CLOSED","file":"/src/main/java/me/alex/Dependency.java","tags":{"FILE_LINE_OF_CODE":"22"}}
{"ts":1686687074230,"action":"FILE_OPENED","file":"/src/main/java/me/alex/DependencyManager.java","tags":{"FILE_LINE_OF_CODE":"72"}}
{"ts":1686687126974,"action":"FILE_CLOSED","file":"/src/main/java/me/alex/DependencyManager.java","tags":{"FILE_LINE_OF_CODE":"79"}}
{"ts":1686687126974,"action":"FILE_OPENED","file":"/src/main/java/me/alex/Dependency.java","tags":{"FILE_LINE_OF_CODE":"22"}}
{"ts":1686687130235,"action":"FILE_CLOSED","file":"/src/main/java/me/alex/Dependency.java","tags":{"FILE_LINE_OF_CODE":"22"}}
{"ts":1686687130235,"action":"FILE_OPENED","file":"/src/main/java/me/alex/DependencyConstructor.java","tags":{"FILE_LINE_OF_CODE":"9"}}
{"ts":1686687131262,"action":"FILE_CLOSED","file":"/src/main/java/me/alex/DependencyConstructor.java","tags":{"FILE_LINE_OF_CODE":"9"}}
{"ts":1686687131262,"action":"FILE_OPENED","file":"/src/main/java/me/alex/DependencyManager.java","tags":{"FILE_LINE_OF_CODE":"79"}}
{"ts":1686687372287,"action":"FILE_CLOSED","file":"/src/main/java/me/alex/DependencyManager.java","tags":{"FILE_LINE_OF_CODE":"84"}}
{"ts":1686687372287,"action":"FILE_OPENED","file":"/src/main/java/me/alex/test/WasGeht.java","tags":{"FILE_LINE_OF_CODE":"18"}}
{"ts":1686687376297,"action":"FILE_CLOSED","file":"/src/main/java/me/alex/test/WasGeht.java","tags":{"FILE_LINE_OF_CODE":"18"}}
{"ts":1686687376297,"action":"FILE_OPENED","file":"/src/main/java/me/alex/Dependency.java","tags":{"FILE_LINE_OF_CODE":"22"}}
{"ts":1686687377684,"action":"FILE_CLOSED","file":"/src/main/java/me/alex/Dependency.java","tags":{"FILE_LINE_OF_CODE":"22"}}
{"ts":1686687377684,"action":"FILE_OPENED","file":"/src/main/java/me/alex/DependencyManager.java","tags":{"FILE_LINE_OF_CODE":"84"}}
{"ts":1686687527043,"action":"FILE_CLOSED","file":"/src/main/java/me/alex/DependencyManager.java","tags":{"FILE_LINE_OF_CODE":"86"}}
{"ts":1686687527043,"action":"FILE_OPENED","file":"/src/main/java/me/alex/test/Nah.java","tags":{"FILE_LINE_OF_CODE":"5"}}
{"ts":1686687557210,"action":"FILE_CLOSED","file":"/src/main/java/me/alex/test/Nah.java","tags":{"FILE_LINE_OF_CODE":"13"}}
{"ts":1686687557210,"action":"FILE_OPENED","file":"/src/main/java/me/alex/test/Hello.java","tags":{"FILE_LINE_OF_CODE":"15"}}
{"ts":1686687567128,"action":"FILE_CLOSED","file":"/src/main/java/me/alex/test/Hello.java","tags":{"FILE_LINE_OF_CODE":"15"}}
{"ts":1686687567128,"action":"FILE_OPENED","file":"/src/main/java/me/alex/DependencyManager.java","tags":{"FILE_LINE_OF_CODE":"86"}}
{"ts":1686688019845,"action":"FILE_CLOSED","file":"/src/main/java/me/alex/DependencyManager.java","tags":{"FILE_LINE_OF_CODE":"92"}}
{"ts":1686688019845,"action":"FILE_OPENED","file":"/src/main/java/me/alex/test/Nah.java","tags":{"FILE_LINE_OF_CODE":"13"}}
{"ts":1686688021721,"action":"FILE_CLOSED","file":"/src/main/java/me/alex/test/Nah.java","tags":{"FILE_LINE_OF_CODE":"13"}}
{"ts":1686688021721,"action":"FILE_OPENED","file":"/src/main/java/me/alex/test/WasGeht.java","tags":{"FILE_LINE_OF_CODE":"18"}}
{"ts":1686688026791,"action":"FILE_CLOSED","file":"/src/main/java/me/alex/test/WasGeht.java","tags":{"FILE_LINE_OF_CODE":"18"}}
{"ts":1686688026791,"action":"FILE_OPENED","file":"/src/main/java/me/alex/test/Nah.java","tags":{"FILE_LINE_OF_CODE":"13"}}
{"ts":1686688045183,"action":"FILE_CLOSED","file":"/src/main/java/me/alex/test/Nah.java","tags":{"FILE_LINE_OF_CODE":"13"}}
{"ts":1686688045183,"action":"FILE_OPENED","file":"/src/main/java/me/alex/test/WasGeht.java","tags":{"FILE_LINE_OF_CODE":"18"}}
{"ts":1686688046642,"action":"FILE_CLOSED","file":"/src/main/java/me/alex/test/WasGeht.java","tags":{"FILE_LINE_OF_CODE":"18"}}
{"ts":1686688046642,"action":"FILE_OPENED","file":"/src/main/java/me/alex/test/Nah.java","tags":{"FILE_LINE_OF_CODE":"13"}}
{"ts":1686688052430,"action":"FILE_CLOSED","file":"/src/main/java/me/alex/test/Nah.java","tags":{"FILE_LINE_OF_CODE":"13"}}
{"ts":1686688052430,"action":"FILE_OPENED","file":"/src/main/java/me/alex/test/WasGeht.java","tags":{"FILE_LINE_OF_CODE":"18"}}
{"ts":1686688055944,"action":"FILE_CLOSED","file":"/src/main/java/me/alex/test/WasGeht.java","tags":{"FILE_LINE_OF_CODE":"18"}}
{"ts":1686688055944,"action":"FILE_OPENED","file":"/src/main/java/me/alex/DependencyManager.java","tags":{"FILE_LINE_OF_CODE":"92"}}
{"ts":1686688074943,"action":"IDE_DEACTIVATED"}
{"ts":1686688095985,"action":"IDE_ACTIVATED"}
{"ts":1686688369522,"action":"IDE_DEACTIVATED"}
{"ts":1686688377335,"action":"IDE_ACTIVATED"}
{"ts":1686688388484,"action":"IDE_DEACTIVATED"}
{"ts":1686688395527,"action":"IDE_ACTIVATED"}
{"ts":1686688513517,"action":"FILE_CLOSED","file":"/src/main/java/me/alex/DependencyManager.java","tags":{"FILE_LINE_OF_CODE":"129"}}
{"ts":1686688513517,"action":"FILE_OPENED","file":"/src/main/java/me/alex/test/Nah.java","tags":{"FILE_LINE_OF_CODE":"13"}}
{"ts":1686688529213,"action":"FILE_CLOSED","file":"/src/main/java/me/alex/test/Nah.java","tags":{"FILE_LINE_OF_CODE":"13"}}
{"ts":1686688529213,"action":"FILE_OPENED","file":"/src/main/java/me/alex/test/WasGeht.java","tags":{"FILE_LINE_OF_CODE":"18"}}
{"ts":1686688533236,"action":"FILE_CLOSED","file":"/src/main/java/me/alex/test/WasGeht.java","tags":{"FILE_LINE_OF_CODE":"18"}}
{"ts":1686688533236,"action":"FILE_OPENED","file":"/src/main/java/me/alex/DependencyManager.java","tags":{"FILE_LINE_OF_CODE":"129"}}
{"ts":1686688859351,"action":"FILE_CLOSED","file":"/src/main/java/me/alex/DependencyManager.java","tags":{"FILE_LINE_OF_CODE":"137"}}
{"ts":1686688859351,"action":"FILE_OPENED","file":"/src/main/java/me/alex/test/WasGeht.java","tags":{"FILE_LINE_OF_CODE":"18"}}
{"ts":1686688865292,"action":"FILE_CLOSED","file":"/src/main/java/me/alex/test/WasGeht.java","tags":{"FILE_LINE_OF_CODE":"18"}}
{"ts":1686688865292,"action":"FILE_OPENED","file":"/src/main/java/me/alex/test/Nah.java","tags":{"FILE_LINE_OF_CODE":"13"}}
{"ts":1686688870166,"action":"FILE_CLOSED","file":"/src/main/java/me/alex/test/Nah.java","tags":{"FILE_LINE_OF_CODE":"13"}}
{"ts":1686688870166,"action":"FILE_OPENED","file":"/src/main/java/me/alex/DependencyManager.java","tags":{"FILE_LINE_OF_CODE":"137"}}
{"ts":1686689071832,"action":"IDE_DEACTIVATED"}
{"ts":1686689083464,"action":"IDE_ACTIVATED"}
